<?xml version="1.0" encoding="UTF-8" ?>
<testsuite errors="1" failures="0" hostname="LAPTOP-T8MUC751" name=" RationalTest " skipped="0" tests="1" time="0.0" timestamp="2023-09-17T15:28:49">
  <properties>
    <property name="ant.library.dir" value="C:\Program Files\JetBrains\IntelliJ IDEA 2023.2.1\lib\ant\lib" />
    <property name="ant.file.type" value="file" />
    <property name="java.specification.version" value="17" />
    <property name="sun.cpu.isalist" value="amd64" />
    <property name="sun.jnu.encoding" value="MS874" />
    <property name="java.class.path" value="C:\Program Files\Java\jdk-17!\java.base;C:\Program Files\Java\jdk-17!\java.compiler;C:\Program Files\Java\jdk-17!\java.datatransfer;C:\Program Files\Java\jdk-17!\java.desktop;C:\Program Files\Java\jdk-17!\java.instrument;C:\Program Files\Java\jdk-17!\java.logging;C:\Program Files\Java\jdk-17!\java.management;C:\Program Files\Java\jdk-17!\java.management.rmi;C:\Program Files\Java\jdk-17!\java.naming;C:\Program Files\Java\jdk-17!\java.net.http;C:\Program Files\Java\jdk-17!\java.prefs;C:\Program Files\Java\jdk-17!\java.rmi;C:\Program Files\Java\jdk-17!\java.scripting;C:\Program Files\Java\jdk-17!\java.se;C:\Program Files\Java\jdk-17!\java.security.jgss;C:\Program Files\Java\jdk-17!\java.security.sasl;C:\Program Files\Java\jdk-17!\java.smartcardio;C:\Program Files\Java\jdk-17!\java.sql;C:\Program Files\Java\jdk-17!\java.sql.rowset;C:\Program Files\Java\jdk-17!\java.transaction.xa;C:\Program Files\Java\jdk-17!\java.xml;C:\Program Files\Java\jdk-17!\java.xml.crypto;C:\Program Files\Java\jdk-17!\jdk.accessibility;C:\Program Files\Java\jdk-17!\jdk.attach;C:\Program Files\Java\jdk-17!\jdk.charsets;C:\Program Files\Java\jdk-17!\jdk.compiler;C:\Program Files\Java\jdk-17!\jdk.crypto.cryptoki;C:\Program Files\Java\jdk-17!\jdk.crypto.ec;C:\Program Files\Java\jdk-17!\jdk.crypto.mscapi;C:\Program Files\Java\jdk-17!\jdk.dynalink;C:\Program Files\Java\jdk-17!\jdk.editpad;C:\Program Files\Java\jdk-17!\jdk.hotspot.agent;C:\Program Files\Java\jdk-17!\jdk.httpserver;C:\Program Files\Java\jdk-17!\jdk.incubator.foreign;C:\Program Files\Java\jdk-17!\jdk.incubator.vector;C:\Program Files\Java\jdk-17!\jdk.internal.ed;C:\Program Files\Java\jdk-17!\jdk.internal.jvmstat;C:\Program Files\Java\jdk-17!\jdk.internal.le;C:\Program Files\Java\jdk-17!\jdk.internal.opt;C:\Program Files\Java\jdk-17!\jdk.internal.vm.ci;C:\Program Files\Java\jdk-17!\jdk.internal.vm.compiler;C:\Program Files\Java\jdk-17!\jdk.internal.vm.compiler.management;C:\Program Files\Java\jdk-17!\jdk.jartool;C:\Program Files\Java\jdk-17!\jdk.javadoc;C:\Program Files\Java\jdk-17!\jdk.jcmd;C:\Program Files\Java\jdk-17!\jdk.jconsole;C:\Program Files\Java\jdk-17!\jdk.jdeps;C:\Program Files\Java\jdk-17!\jdk.jdi;C:\Program Files\Java\jdk-17!\jdk.jdwp.agent;C:\Program Files\Java\jdk-17!\jdk.jfr;C:\Program Files\Java\jdk-17!\jdk.jlink;C:\Program Files\Java\jdk-17!\jdk.jpackage;C:\Program Files\Java\jdk-17!\jdk.jshell;C:\Program Files\Java\jdk-17!\jdk.jsobject;C:\Program Files\Java\jdk-17!\jdk.jstatd;C:\Program Files\Java\jdk-17!\jdk.localedata;C:\Program Files\Java\jdk-17!\jdk.management;C:\Program Files\Java\jdk-17!\jdk.management.agent;C:\Program Files\Java\jdk-17!\jdk.management.jfr;C:\Program Files\Java\jdk-17!\jdk.naming.dns;C:\Program Files\Java\jdk-17!\jdk.naming.rmi;C:\Program Files\Java\jdk-17!\jdk.net;C:\Program Files\Java\jdk-17!\jdk.nio.mapmode;C:\Program Files\Java\jdk-17!\jdk.random;C:\Program Files\Java\jdk-17!\jdk.sctp;C:\Program Files\Java\jdk-17!\jdk.security.auth;C:\Program Files\Java\jdk-17!\jdk.security.jgss;C:\Program Files\Java\jdk-17!\jdk.unsupported;C:\Program Files\Java\jdk-17!\jdk.unsupported.desktop;C:\Program Files\Java\jdk-17!\jdk.xml.dom;C:\Program Files\Java\jdk-17!\jdk.zipfs;C:\Program Files\JetBrains\IntelliJ IDEA 2023.2.1\lib\ant\lib\ant.jar;C:\Program Files\JetBrains\IntelliJ IDEA 2023.2.1\lib\idea_rt.jar" />
    <property name="java.vm.vendor" value="Oracle Corporation" />
    <property name="sun.arch.data.model" value="64" />
    <property name="user.variant" value="" />
    <property name="java.vendor.url" value="https://java.oracle.com/" />
    <property name="java.vm.specification.version" value="17" />
    <property name="os.name" value="Windows 11" />
    <property name="user.country" value="US" />
    <property name="sun.java.launcher" value="SUN_STANDARD" />
    <property name="sun.boot.library.path" value="C:\Program Files\Java\jdk-17\bin" />
    <property name="sun.java.command" value="com.intellij.rt.ant.execution.AntMain2 -logger com.intellij.rt.ant.execution.IdeaAntLogger2 -inputhandler com.intellij.rt.ant.execution.IdeaInputHandler -buildfile C:\Users\Eff\Desktop\SEQA\Rational\build.xml test" />
    <property name="jdk.debug" value="release" />
    <property name="sun.cpu.endian" value="little" />
    <property name="user.home" value="C:\Users\Eff" />
    <property name="user.language" value="en" />
    <property name="java.specification.vendor" value="Oracle Corporation" />
    <property name="java.version.date" value="2023-04-18" />
    <property name="java.home" value="C:\Program Files\Java\jdk-17" />
    <property name="file.separator" value="\" />
    <property name="basedir" value="C:\Users\Eff\Desktop\SEQA\Rational" />
    <property name="java.vm.compressedOopsMode" value="32-bit" />
    <property name="line.separator" value="&#xd;&#xa;" />
    <property name="ant.java.version" value="17" />
    <property name="java.vm.specification.vendor" value="Oracle Corporation" />
    <property name="java.specification.name" value="Java Platform API Specification" />
    <property name="user.script" value="" />
    <property name="sun.management.compiler" value="HotSpot 64-Bit Tiered Compilers" />
    <property name="java.runtime.version" value="17.0.7+8-LTS-224" />
    <property name="user.name" value="Eff" />
    <property name="ant.file" value="C:\Users\Eff\Desktop\SEQA\Rational\build.xml" />
    <property name="path.separator" value=";" />
    <property name="os.version" value="10.0" />
    <property name="java.runtime.name" value="Java(TM) SE Runtime Environment" />
    <property name="file.encoding" value="UTF-8" />
    <property name="ant.project.invoked-targets" value="test" />
    <property name="java.vm.name" value="Java HotSpot(TM) 64-Bit Server VM" />
    <property name="ant.core.lib" value="C:\Program Files\JetBrains\IntelliJ IDEA 2023.2.1\lib\ant\lib\ant.jar" />
    <property name="java.vendor.url.bug" value="https://bugreport.java.com/bugreport/" />
    <property name="java.io.tmpdir" value="C:\Users\Eff\AppData\Local\Temp\" />
    <property name="java.version" value="17.0.7" />
    <property name="user.dir" value="C:\Users\Eff\Desktop\SEQA\Rational" />
    <property name="os.arch" value="amd64" />
    <property name="java.vm.specification.name" value="Java Virtual Machine Specification" />
    <property name="ant.home" value="C:\Program Files\JetBrains\IntelliJ IDEA 2023.2.1\lib\ant" />
    <property name="sun.os.patch.level" value="" />
    <property name="native.encoding" value="MS874" />
    <property name="ant.version" value="Apache Ant(TM) version 1.10.12 compiled on October 13 2021" />
    <property name="java.library.path" value="C:\Program Files\Java\jdk-17\bin;C:\windows\Sun\Java\bin;C:\windows\system32;C:\windows;C:\Program Files\Common Files\Oracle\Java\javapath;C:\windows\system32;C:\windows;C:\windows\System32\Wbem;C:\windows\System32\WindowsPowerShell\v1.0\;C:\windows\System32\OpenSSH\;C:\Program Files\nodejs\;C:\Program Files\PuTTY\;C:\Users\Eff\AppData\Local\Programs\Python\Python311;C:\Users\Eff\AppData\Local\Programs\Python\Python311\Scripts;C:\Users\Eff\AppData\Local\Programs\Python\Python311;C:\Program Files (x86)\Bitvise SSH Client;C:\Program Files (x86)\Pulse Secure\VC142.CRT\X64\;C:\Program Files (x86)\Pulse Secure\VC142.CRT\X86\;C:\Program Files\Git\cmd;C:\Users\Eff\AppData\Local\Programs\Python\Python311\Scripts\;C:\Users\Eff\AppData\Local\Programs\Python\Python311\;C:\Users\Eff\AppData\Local\Microsoft\WindowsApps;C:\Users\Eff\AppData\Local\Programs\Microsoft VS Code\bin;C:\Users\Eff\AppData\Roaming\npm;C:\Program Files\Java\jdk-17\bin;C:\Users\Eff\AppData\Local\Programs\Python\Python311;;C:\Program Files\JetBrains\IntelliJ IDEA 2023.2.1\bin;;." />
    <property name="java.vendor" value="Oracle Corporation" />
    <property name="java.vm.info" value="mixed mode, sharing" />
    <property name="java.vm.version" value="17.0.7+8-LTS-224" />
    <property name="sun.io.unicode.encoding" value="UnicodeLittle" />
    <property name="java.class.version" value="61.0" />
  </properties>
  <error message=" RationalTest " type="java.lang.ClassNotFoundException">java.lang.ClassNotFoundException:  RationalTest 
	at java.base/java.lang.ClassLoader.loadClass(ClassLoader.java:520)
	at java.base/java.lang.Class.forName0(Native Method)
	at java.base/java.lang.Class.forName(Class.java:467)
	at java.base/jdk.internal.reflect.NativeMethodAccessorImpl.invoke0(Native Method)
	at java.base/jdk.internal.reflect.NativeMethodAccessorImpl.invoke(NativeMethodAccessorImpl.java:77)
	at java.base/jdk.internal.reflect.DelegatingMethodAccessorImpl.invoke(DelegatingMethodAccessorImpl.java:43)
	at java.base/jdk.internal.reflect.NativeMethodAccessorImpl.invoke0(Native Method)
	at java.base/jdk.internal.reflect.NativeMethodAccessorImpl.invoke(NativeMethodAccessorImpl.java:77)
	at java.base/jdk.internal.reflect.DelegatingMethodAccessorImpl.invoke(DelegatingMethodAccessorImpl.java:43)
	at com.intellij.rt.ant.execution.AntMain2.main(AntMain2.java:31)
</error>
  <system-out><![CDATA[]]></system-out>
  <system-err><![CDATA[]]></system-err>
</testsuite>
